<?xml version="1.0" encoding="UTF-8"?>
<!-- Generated by org.testng.reporters.JUnitXMLReporter -->
<testsuite ignored="0" hostname="Kishor" failures="1" tests="1" name="Cucumber Tests" time="5.871" errors="0" timestamp="2025-03-06T16:17:13 IST">
  <testcase classname="io.cucumber.testng.AbstractTestNGCucumberTests" name="runScenario" time="3.799">
    <failure type="org.junit.ComparisonFailure" message="expected:&amp;lt;[shield.iffort.com — Virtualmin]&amp;gt; but was:&amp;lt;[Shield - Home]&amp;gt;">
      <![CDATA[org.junit.ComparisonFailure: expected:<[shield.iffort.com — Virtualmin]> but was:<[Shield - Home]>
at org.junit.Assert.assertEquals(Assert.java:117)
at org.junit.Assert.assertEquals(Assert.java:146)
at stepDefinitions.A001_landing_page.user_is_on_the_landing_page_as_expected_page_title(A001_landing_page.java:33)
at ✽.User is on the landing page as expected page title "Shield - Home"(file:///D:/Workspace_Shield/New_maven_project/src/test/resources/features/A001_landing_page.feature:6)
]]>
    </failure>
  </testcase> <!-- runScenario -->
</testsuite> <!-- Cucumber Tests -->
