<?xml version="1.0" encoding="UTF-8"?>
<!-- Generated by org.testng.reporters.JUnitXMLReporter -->
<testsuite ignored="0" hostname="Kishor" failures="1" tests="1" name="Test" time="5.741" errors="0" timestamp="2025-03-06T16:54:11 IST">
  <testcase classname="io.cucumber.testng.AbstractTestNGCucumberTests" name="runScenario" time="3.653">
    <failure type="java.lang.AssertionError" message="expected:&amp;lt;shield.iffort.com — Virtualmin&amp;gt; but was:&amp;lt;Shield - Home&amp;gt;">
      <![CDATA[java.lang.AssertionError: expected:<shield.iffort.com — Virtualmin> but was:<Shield - Home>
at stepDefinitions.A001_landing_page.user_is_on_the_landing_page_as_expected_page_title_h(A001_landing_page.java:35)
at ✽.User is on the landing page as expected page title "Shield - Home" h(file:///D:/Workspace_Shield/New_maven_project/src/test/resources/features/A001_landing_page.feature:6)
... Removed 2 stack frames]]>
    </failure>
  </testcase> <!-- runScenario -->
</testsuite> <!-- Test -->
