<?xml version="1.0" encoding="UTF-8"?>
<testng-results ignored="0" total="2" passed="2" failed="0" skipped="0">
  <reporter-output>
  </reporter-output>
  <suite started-at="2025-03-10T15:16:31 IST" name="Default suite" finished-at="2025-03-10T15:16:42 IST" duration-ms="10244">
    <groups>
      <group name="cucumber">
        <method signature="AbstractTestNGCucumberTests.runScenario(io.cucumber.testng.PickleWrapper,io.cucumber.testng.FeatureWrapper)[pri:0, instance:com.testRunnersTestNG.TestNGTest@363042d7]" name="runScenario" class="io.cucumber.testng.AbstractTestNGCucumberTests"/>
      </group> <!-- cucumber -->
    </groups>
    <test started-at="2025-03-10T15:16:31 IST" name="Default test" finished-at="2025-03-10T15:16:42 IST" duration-ms="10244">
      <class name="com.testRunnersTestNG.TestNGTest">
        <test-method is-config="true" signature="setUpClass(org.testng.ITestContext)[pri:0, instance:com.testRunnersTestNG.TestNGTest@363042d7]" started-at="2025-03-10T15:16:31 IST" name="setUpClass" finished-at="2025-03-10T15:16:32 IST" duration-ms="697" status="PASS">
          <params>
            <param index="0">
              <value>
                <![CDATA[org.testng.TestRunner@17ec335a]]>
              </value>
            </param>
          </params>
          <reporter-output>
          </reporter-output>
        </test-method> <!-- setUpClass -->
        <test-method signature="runScenario(io.cucumber.testng.PickleWrapper,io.cucumber.testng.FeatureWrapper)[pri:0, instance:com.testRunnersTestNG.TestNGTest@363042d7]" started-at="2025-03-10T15:16:32 IST" name="runScenario" description="Runs Cucumber Scenarios" data-provider="scenarios" finished-at="2025-03-10T15:16:36 IST" duration-ms="3983" status="PASS">
          <params>
            <param index="0">
              <value>
                <![CDATA["Validate log in button functionality from the landingds page"]]>
              </value>
            </param>
            <param index="1">
              <value>
                <![CDATA["Validate Landing Page functionality"]]>
              </value>
            </param>
          </params>
          <reporter-output>
          </reporter-output>
        </test-method> <!-- runScenario -->
        <test-method signature="runScenario(io.cucumber.testng.PickleWrapper,io.cucumber.testng.FeatureWrapper)[pri:0, instance:com.testRunnersTestNG.TestNGTest@363042d7]" started-at="2025-03-10T15:16:32 IST" name="runScenario" description="Runs Cucumber Scenarios" data-provider="scenarios" finished-at="2025-03-10T15:16:40 IST" duration-ms="8276" status="PASS">
          <params>
            <param index="0">
              <value>
                <![CDATA["Validate log in button functionality from the landing page"]]>
              </value>
            </param>
            <param index="1">
              <value>
                <![CDATA["Validate Landing Page functionality"]]>
              </value>
            </param>
          </params>
          <reporter-output>
          </reporter-output>
        </test-method> <!-- runScenario -->
        <test-method is-config="true" signature="tearDownClass()[pri:0, instance:com.testRunnersTestNG.TestNGTest@363042d7]" started-at="2025-03-10T15:16:40 IST" name="tearDownClass" finished-at="2025-03-10T15:16:42 IST" duration-ms="1235" status="PASS">
          <reporter-output>
          </reporter-output>
        </test-method> <!-- tearDownClass -->
      </class> <!-- com.testRunnersTestNG.TestNGTest -->
    </test> <!-- Default test -->
  </suite> <!-- Default suite -->
</testng-results>
