<?xml version="1.0" encoding="UTF-8"?>
<!-- Generated by org.testng.reporters.JUnitReportReporter -->
<testsuite hostname="Kishor" failures="1" tests="1" name="com.testRunnersTestNG.TestNGTestRunner" time="4.646" errors="0" timestamp="2025-03-06T15:51:37 IST" skipped="0">
  <testcase classname="com.testRunnersTestNG.TestNGTestRunner" name="runScenario" time="4.646">
    <failure message="expected:&lt;[shield.iffort.com — Virtualmin]&gt; but was:&lt;[Shield - Home]&gt;" type="org.junit.ComparisonFailure">
      <![CDATA[org.junit.ComparisonFailure: expected:<[shield.iffort.com — Virtualmin]> but was:<[Shield - Home]>
at org.junit.Assert.assertEquals(Assert.java:117)
at org.junit.Assert.assertEquals(Assert.java:146)
at stepDefinitions.A001_landing_page.user_is_on_the_landing_page_as_expected_page_title(A001_landing_page.java:33)
at ✽.User is on the landing page as expected page title "Shield - Home"(file:///D:/Workspace_Shield/New_maven_project/src/test/resources/features/A001_landing_page.feature:6)
]]>
    </failure>
  </testcase> <!-- runScenario -->
</testsuite> <!-- com.testRunnersTestNG.TestNGTestRunner -->
