<?xml version="1.0" encoding="UTF-8"?>
<!-- Generated by org.testng.reporters.JUnitReportReporter -->
<testsuite hostname="Kishor" failures="0" tests="2" name="com.testRunnersTestNG.TestNGTest" time="12.259" errors="0" timestamp="2025-03-10T15:16:42 IST" skipped="0">
  <testcase classname="com.testRunnersTestNG.TestNGTest" name="runScenario" time="3.983"/>
  <testcase classname="com.testRunnersTestNG.TestNGTest" name="runScenario" time="8.276"/>
</testsuite> <!-- com.testRunnersTestNG.TestNGTest -->
